[2025-05-19 13:43:27] ERROR: PHP Error: Core\Http\Request::query(): Implicitly marking parameter $key as nullable is deprecated, the explicit nullable type must be used instead in /Users/znarkhalil/Developer/php/rolzmaf/core/Http/Request.php on line 19 
[2025-05-19 13:43:27] ERROR: PHP Error: Core\Http\Request::input(): Implicitly marking parameter $key as nullable is deprecated, the explicit nullable type must be used instead in /Users/znarkhalil/Developer/php/rolzmaf/core/Http/Request.php on line 24 
[2025-05-19 13:43:27] ERROR: PHP Error: Core\Http\Request::header(): Implicitly marking parameter $key as nullable is deprecated, the explicit nullable type must be used instead in /Users/znarkhalil/Developer/php/rolzmaf/core/Http/Request.php on line 29 
[2025-05-19 13:43:27] ERROR: PHP Error: Core\Http\Contracts\RequestInterface::query(): Implicitly marking parameter $key as nullable is deprecated, the explicit nullable type must be used instead in /Users/znarkhalil/Developer/php/rolzmaf/core/Http/Contracts/RequestInterface.php on line 8 
[2025-05-19 13:43:27] ERROR: PHP Error: Core\Http\Contracts\RequestInterface::input(): Implicitly marking parameter $key as nullable is deprecated, the explicit nullable type must be used instead in /Users/znarkhalil/Developer/php/rolzmaf/core/Http/Contracts/RequestInterface.php on line 9 
[2025-05-19 13:43:27] ERROR: PHP Error: Core\Http\Contracts\RequestInterface::header(): Implicitly marking parameter $key as nullable is deprecated, the explicit nullable type must be used instead in /Users/znarkhalil/Developer/php/rolzmaf/core/Http/Contracts/RequestInterface.php on line 10 
[2025-05-19 13:43:56] ERROR: PHP Error: Core\Http\Request::query(): Implicitly marking parameter $key as nullable is deprecated, the explicit nullable type must be used instead in /Users/znarkhalil/Developer/php/rolzmaf/core/Http/Request.php on line 19 
[2025-05-19 13:43:56] ERROR: PHP Error: Core\Http\Request::input(): Implicitly marking parameter $key as nullable is deprecated, the explicit nullable type must be used instead in /Users/znarkhalil/Developer/php/rolzmaf/core/Http/Request.php on line 24 
[2025-05-19 13:43:56] ERROR: PHP Error: Core\Http\Request::header(): Implicitly marking parameter $key as nullable is deprecated, the explicit nullable type must be used instead in /Users/znarkhalil/Developer/php/rolzmaf/core/Http/Request.php on line 29 
[2025-05-19 13:43:56] ERROR: PHP Error: Core\Http\Contracts\RequestInterface::query(): Implicitly marking parameter $key as nullable is deprecated, the explicit nullable type must be used instead in /Users/znarkhalil/Developer/php/rolzmaf/core/Http/Contracts/RequestInterface.php on line 8 
[2025-05-19 13:43:56] ERROR: PHP Error: Core\Http\Contracts\RequestInterface::input(): Implicitly marking parameter $key as nullable is deprecated, the explicit nullable type must be used instead in /Users/znarkhalil/Developer/php/rolzmaf/core/Http/Contracts/RequestInterface.php on line 9 
[2025-05-19 13:43:56] ERROR: PHP Error: Core\Http\Contracts\RequestInterface::header(): Implicitly marking parameter $key as nullable is deprecated, the explicit nullable type must be used instead in /Users/znarkhalil/Developer/php/rolzmaf/core/Http/Contracts/RequestInterface.php on line 10 
[2025-05-19 13:56:29] ERROR: PHP Error: The use statement with non-compound name 'PDO' has no effect in /Users/znarkhalil/Developer/php/rolzmaf/tests/Unit/ORM/QueryBuilderTest.php on line 8 
[2025-05-19 13:56:29] ERROR: PHP Error: The use statement with non-compound name 'PDO' has no effect in /Users/znarkhalil/Developer/php/rolzmaf/tests/Unit/ORM/Relations/BelongsToTest.php on line 8 
[2025-05-19 13:56:29] ERROR: PHP Error: The use statement with non-compound name 'PDO' has no effect in /Users/znarkhalil/Developer/php/rolzmaf/tests/Unit/ORM/Relations/HasManyTest.php on line 8 
[2025-05-19 13:56:29] ERROR: Fatal Error: Cannot redeclare class User (previously declared in /Users/znarkhalil/Developer/php/rolzmaf/tests/Unit/ORM/Relations/BelongsToTest.php:10) in /Users/znarkhalil/Developer/php/rolzmaf/tests/Unit/ORM/Relations/HasManyTest.php on line 10 
[2025-05-19 13:57:37] ERROR: PHP Error: The use statement with non-compound name 'PDO' has no effect in /Users/znarkhalil/Developer/php/rolzmaf/tests/Unit/ORM/QueryBuilderTest.php on line 8 
[2025-05-19 13:57:37] ERROR: PHP Error: The use statement with non-compound name 'PDO' has no effect in /Users/znarkhalil/Developer/php/rolzmaf/tests/Unit/ORM/Relations/BelongsToTest.php on line 8 
[2025-05-19 13:57:37] ERROR: PHP Error: The use statement with non-compound name 'PDO' has no effect in /Users/znarkhalil/Developer/php/rolzmaf/tests/Unit/ORM/Relations/HasManyTest.php on line 8 
[2025-05-19 13:57:37] ERROR: PHP Error: Core\Http\Request::query(): Implicitly marking parameter $key as nullable is deprecated, the explicit nullable type must be used instead in /Users/znarkhalil/Developer/php/rolzmaf/core/Http/Request.php on line 19 
[2025-05-19 13:57:37] ERROR: PHP Error: Core\Http\Request::input(): Implicitly marking parameter $key as nullable is deprecated, the explicit nullable type must be used instead in /Users/znarkhalil/Developer/php/rolzmaf/core/Http/Request.php on line 24 
[2025-05-19 13:57:37] ERROR: PHP Error: Core\Http\Request::header(): Implicitly marking parameter $key as nullable is deprecated, the explicit nullable type must be used instead in /Users/znarkhalil/Developer/php/rolzmaf/core/Http/Request.php on line 29 
[2025-05-19 13:57:37] ERROR: PHP Error: Core\Http\Contracts\RequestInterface::query(): Implicitly marking parameter $key as nullable is deprecated, the explicit nullable type must be used instead in /Users/znarkhalil/Developer/php/rolzmaf/core/Http/Contracts/RequestInterface.php on line 8 
[2025-05-19 13:57:37] ERROR: PHP Error: Core\Http\Contracts\RequestInterface::input(): Implicitly marking parameter $key as nullable is deprecated, the explicit nullable type must be used instead in /Users/znarkhalil/Developer/php/rolzmaf/core/Http/Contracts/RequestInterface.php on line 9 
[2025-05-19 13:57:37] ERROR: PHP Error: Core\Http\Contracts\RequestInterface::header(): Implicitly marking parameter $key as nullable is deprecated, the explicit nullable type must be used instead in /Users/znarkhalil/Developer/php/rolzmaf/core/Http/Contracts/RequestInterface.php on line 10 
[2025-05-19 13:59:56] ERROR: PHP Error: The use statement with non-compound name 'PDO' has no effect in /Users/znarkhalil/Developer/php/rolzmaf/tests/Unit/ORM/QueryBuilderTest.php on line 9 
[2025-05-19 13:59:56] ERROR: PHP Error: The use statement with non-compound name 'PDO' has no effect in /Users/znarkhalil/Developer/php/rolzmaf/tests/Unit/ORM/Relations/BelongsToTest.php on line 9 
[2025-05-19 13:59:56] ERROR: PHP Error: The use statement with non-compound name 'PDO' has no effect in /Users/znarkhalil/Developer/php/rolzmaf/tests/Unit/ORM/Relations/HasManyTest.php on line 9 
[2025-05-19 13:59:56] ERROR: PHP Error: Core\Http\Request::query(): Implicitly marking parameter $key as nullable is deprecated, the explicit nullable type must be used instead in /Users/znarkhalil/Developer/php/rolzmaf/core/Http/Request.php on line 19 
[2025-05-19 13:59:56] ERROR: PHP Error: Core\Http\Request::input(): Implicitly marking parameter $key as nullable is deprecated, the explicit nullable type must be used instead in /Users/znarkhalil/Developer/php/rolzmaf/core/Http/Request.php on line 24 
[2025-05-19 13:59:56] ERROR: PHP Error: Core\Http\Request::header(): Implicitly marking parameter $key as nullable is deprecated, the explicit nullable type must be used instead in /Users/znarkhalil/Developer/php/rolzmaf/core/Http/Request.php on line 29 
[2025-05-19 13:59:56] ERROR: PHP Error: Core\Http\Contracts\RequestInterface::query(): Implicitly marking parameter $key as nullable is deprecated, the explicit nullable type must be used instead in /Users/znarkhalil/Developer/php/rolzmaf/core/Http/Contracts/RequestInterface.php on line 8 
[2025-05-19 13:59:56] ERROR: PHP Error: Core\Http\Contracts\RequestInterface::input(): Implicitly marking parameter $key as nullable is deprecated, the explicit nullable type must be used instead in /Users/znarkhalil/Developer/php/rolzmaf/core/Http/Contracts/RequestInterface.php on line 9 
[2025-05-19 13:59:56] ERROR: PHP Error: Core\Http\Contracts\RequestInterface::header(): Implicitly marking parameter $key as nullable is deprecated, the explicit nullable type must be used instead in /Users/znarkhalil/Developer/php/rolzmaf/core/Http/Contracts/RequestInterface.php on line 10 
[2025-05-19 14:03:18] ERROR: PHP Error: The use statement with non-compound name 'PDO' has no effect in /Users/znarkhalil/Developer/php/rolzmaf/tests/Unit/ORM/QueryBuilderTest.php on line 9 
[2025-05-19 14:03:18] ERROR: PHP Error: The use statement with non-compound name 'PDO' has no effect in /Users/znarkhalil/Developer/php/rolzmaf/tests/Unit/ORM/Relations/BelongsToTest.php on line 9 
[2025-05-19 14:03:18] ERROR: PHP Error: The use statement with non-compound name 'PDO' has no effect in /Users/znarkhalil/Developer/php/rolzmaf/tests/Unit/ORM/Relations/HasManyTest.php on line 9 
[2025-05-19 14:03:18] ERROR: PHP Error: Core\Http\Request::query(): Implicitly marking parameter $key as nullable is deprecated, the explicit nullable type must be used instead in /Users/znarkhalil/Developer/php/rolzmaf/core/Http/Request.php on line 19 
[2025-05-19 14:03:18] ERROR: PHP Error: Core\Http\Request::input(): Implicitly marking parameter $key as nullable is deprecated, the explicit nullable type must be used instead in /Users/znarkhalil/Developer/php/rolzmaf/core/Http/Request.php on line 24 
[2025-05-19 14:03:18] ERROR: PHP Error: Core\Http\Request::header(): Implicitly marking parameter $key as nullable is deprecated, the explicit nullable type must be used instead in /Users/znarkhalil/Developer/php/rolzmaf/core/Http/Request.php on line 29 
[2025-05-19 14:03:18] ERROR: PHP Error: Core\Http\Contracts\RequestInterface::query(): Implicitly marking parameter $key as nullable is deprecated, the explicit nullable type must be used instead in /Users/znarkhalil/Developer/php/rolzmaf/core/Http/Contracts/RequestInterface.php on line 8 
[2025-05-19 14:03:18] ERROR: PHP Error: Core\Http\Contracts\RequestInterface::input(): Implicitly marking parameter $key as nullable is deprecated, the explicit nullable type must be used instead in /Users/znarkhalil/Developer/php/rolzmaf/core/Http/Contracts/RequestInterface.php on line 9 
[2025-05-19 14:03:18] ERROR: PHP Error: Core\Http\Contracts\RequestInterface::header(): Implicitly marking parameter $key as nullable is deprecated, the explicit nullable type must be used instead in /Users/znarkhalil/Developer/php/rolzmaf/core/Http/Contracts/RequestInterface.php on line 10 
[2025-05-19 14:04:12] ERROR: PHP Error: The use statement with non-compound name 'PDO' has no effect in /Users/znarkhalil/Developer/php/rolzmaf/tests/Unit/ORM/QueryBuilderTest.php on line 9 
[2025-05-19 14:04:12] ERROR: PHP Error: The use statement with non-compound name 'PDO' has no effect in /Users/znarkhalil/Developer/php/rolzmaf/tests/Unit/ORM/Relations/BelongsToTest.php on line 9 
[2025-05-19 14:04:12] ERROR: PHP Error: The use statement with non-compound name 'PDOException' has no effect in /Users/znarkhalil/Developer/php/rolzmaf/tests/Unit/ORM/Relations/BelongsToTest.php on line 10 
[2025-05-19 14:04:12] ERROR: PHP Error: The use statement with non-compound name 'PDO' has no effect in /Users/znarkhalil/Developer/php/rolzmaf/tests/Unit/ORM/Relations/HasManyTest.php on line 9 
[2025-05-19 14:04:12] ERROR: PHP Error: The use statement with non-compound name 'PDOException' has no effect in /Users/znarkhalil/Developer/php/rolzmaf/tests/Unit/ORM/Relations/HasManyTest.php on line 10 
[2025-05-19 14:04:12] ERROR: PHP Error: Core\Http\Request::query(): Implicitly marking parameter $key as nullable is deprecated, the explicit nullable type must be used instead in /Users/znarkhalil/Developer/php/rolzmaf/core/Http/Request.php on line 19 
[2025-05-19 14:04:12] ERROR: PHP Error: Core\Http\Request::input(): Implicitly marking parameter $key as nullable is deprecated, the explicit nullable type must be used instead in /Users/znarkhalil/Developer/php/rolzmaf/core/Http/Request.php on line 24 
[2025-05-19 14:04:12] ERROR: PHP Error: Core\Http\Request::header(): Implicitly marking parameter $key as nullable is deprecated, the explicit nullable type must be used instead in /Users/znarkhalil/Developer/php/rolzmaf/core/Http/Request.php on line 29 
[2025-05-19 14:04:12] ERROR: PHP Error: Core\Http\Contracts\RequestInterface::query(): Implicitly marking parameter $key as nullable is deprecated, the explicit nullable type must be used instead in /Users/znarkhalil/Developer/php/rolzmaf/core/Http/Contracts/RequestInterface.php on line 8 
[2025-05-19 14:04:12] ERROR: PHP Error: Core\Http\Contracts\RequestInterface::input(): Implicitly marking parameter $key as nullable is deprecated, the explicit nullable type must be used instead in /Users/znarkhalil/Developer/php/rolzmaf/core/Http/Contracts/RequestInterface.php on line 9 
[2025-05-19 14:04:12] ERROR: PHP Error: Core\Http\Contracts\RequestInterface::header(): Implicitly marking parameter $key as nullable is deprecated, the explicit nullable type must be used instead in /Users/znarkhalil/Developer/php/rolzmaf/core/Http/Contracts/RequestInterface.php on line 10 
[2025-05-19 14:05:43] ERROR: PHP Error: The use statement with non-compound name 'PDO' has no effect in /Users/znarkhalil/Developer/php/rolzmaf/tests/Unit/ORM/QueryBuilderTest.php on line 9 
[2025-05-19 14:05:43] ERROR: PHP Error: The use statement with non-compound name 'PDO' has no effect in /Users/znarkhalil/Developer/php/rolzmaf/tests/Unit/ORM/Relations/BelongsToTest.php on line 9 
[2025-05-19 14:05:43] ERROR: PHP Error: The use statement with non-compound name 'PDOException' has no effect in /Users/znarkhalil/Developer/php/rolzmaf/tests/Unit/ORM/Relations/BelongsToTest.php on line 10 
[2025-05-19 14:06:23] ERROR: PHP Error: The use statement with non-compound name 'PDO' has no effect in /Users/znarkhalil/Developer/php/rolzmaf/tests/Unit/ORM/QueryBuilderTest.php on line 9 
[2025-05-19 14:06:23] ERROR: PHP Error: The use statement with non-compound name 'PDO' has no effect in /Users/znarkhalil/Developer/php/rolzmaf/tests/Unit/ORM/Relations/BelongsToTest.php on line 9 
[2025-05-19 14:06:23] ERROR: PHP Error: The use statement with non-compound name 'PDOException' has no effect in /Users/znarkhalil/Developer/php/rolzmaf/tests/Unit/ORM/Relations/BelongsToTest.php on line 10 
[2025-05-19 14:10:56] ERROR: PHP Error: Core\Http\Request::query(): Implicitly marking parameter $key as nullable is deprecated, the explicit nullable type must be used instead in /Users/znarkhalil/Developer/php/rolzmaf/core/Http/Request.php on line 19 
[2025-05-19 14:10:56] ERROR: PHP Error: Core\Http\Request::input(): Implicitly marking parameter $key as nullable is deprecated, the explicit nullable type must be used instead in /Users/znarkhalil/Developer/php/rolzmaf/core/Http/Request.php on line 24 
[2025-05-19 14:10:56] ERROR: PHP Error: Core\Http\Request::header(): Implicitly marking parameter $key as nullable is deprecated, the explicit nullable type must be used instead in /Users/znarkhalil/Developer/php/rolzmaf/core/Http/Request.php on line 29 
[2025-05-19 14:10:56] ERROR: PHP Error: Core\Http\Contracts\RequestInterface::query(): Implicitly marking parameter $key as nullable is deprecated, the explicit nullable type must be used instead in /Users/znarkhalil/Developer/php/rolzmaf/core/Http/Contracts/RequestInterface.php on line 8 
[2025-05-19 14:10:56] ERROR: PHP Error: Core\Http\Contracts\RequestInterface::input(): Implicitly marking parameter $key as nullable is deprecated, the explicit nullable type must be used instead in /Users/znarkhalil/Developer/php/rolzmaf/core/Http/Contracts/RequestInterface.php on line 9 
[2025-05-19 14:10:56] ERROR: PHP Error: Core\Http\Contracts\RequestInterface::header(): Implicitly marking parameter $key as nullable is deprecated, the explicit nullable type must be used instead in /Users/znarkhalil/Developer/php/rolzmaf/core/Http/Contracts/RequestInterface.php on line 10 
[2025-05-19 14:13:55] ERROR: PHP Error: Core\Http\Request::query(): Implicitly marking parameter $key as nullable is deprecated, the explicit nullable type must be used instead in /Users/znarkhalil/Developer/php/rolzmaf/core/Http/Request.php on line 19 
[2025-05-19 14:13:55] ERROR: PHP Error: Core\Http\Request::input(): Implicitly marking parameter $key as nullable is deprecated, the explicit nullable type must be used instead in /Users/znarkhalil/Developer/php/rolzmaf/core/Http/Request.php on line 24 
[2025-05-19 14:13:55] ERROR: PHP Error: Core\Http\Request::header(): Implicitly marking parameter $key as nullable is deprecated, the explicit nullable type must be used instead in /Users/znarkhalil/Developer/php/rolzmaf/core/Http/Request.php on line 29 
[2025-05-19 14:13:55] ERROR: PHP Error: Core\Http\Contracts\RequestInterface::query(): Implicitly marking parameter $key as nullable is deprecated, the explicit nullable type must be used instead in /Users/znarkhalil/Developer/php/rolzmaf/core/Http/Contracts/RequestInterface.php on line 8 
[2025-05-19 14:13:55] ERROR: PHP Error: Core\Http\Contracts\RequestInterface::input(): Implicitly marking parameter $key as nullable is deprecated, the explicit nullable type must be used instead in /Users/znarkhalil/Developer/php/rolzmaf/core/Http/Contracts/RequestInterface.php on line 9 
[2025-05-19 14:13:55] ERROR: PHP Error: Core\Http\Contracts\RequestInterface::header(): Implicitly marking parameter $key as nullable is deprecated, the explicit nullable type must be used instead in /Users/znarkhalil/Developer/php/rolzmaf/core/Http/Contracts/RequestInterface.php on line 10 
[2025-05-19 14:15:15] ERROR: PHP Error: Core\Http\Request::query(): Implicitly marking parameter $key as nullable is deprecated, the explicit nullable type must be used instead in /Users/znarkhalil/Developer/php/rolzmaf/core/Http/Request.php on line 19 
[2025-05-19 14:15:15] ERROR: PHP Error: Core\Http\Request::input(): Implicitly marking parameter $key as nullable is deprecated, the explicit nullable type must be used instead in /Users/znarkhalil/Developer/php/rolzmaf/core/Http/Request.php on line 24 
[2025-05-19 14:15:15] ERROR: PHP Error: Core\Http\Request::header(): Implicitly marking parameter $key as nullable is deprecated, the explicit nullable type must be used instead in /Users/znarkhalil/Developer/php/rolzmaf/core/Http/Request.php on line 29 
[2025-05-19 14:15:15] ERROR: PHP Error: Core\Http\Contracts\RequestInterface::query(): Implicitly marking parameter $key as nullable is deprecated, the explicit nullable type must be used instead in /Users/znarkhalil/Developer/php/rolzmaf/core/Http/Contracts/RequestInterface.php on line 8 
[2025-05-19 14:15:15] ERROR: PHP Error: Core\Http\Contracts\RequestInterface::input(): Implicitly marking parameter $key as nullable is deprecated, the explicit nullable type must be used instead in /Users/znarkhalil/Developer/php/rolzmaf/core/Http/Contracts/RequestInterface.php on line 9 
[2025-05-19 14:15:15] ERROR: PHP Error: Core\Http\Contracts\RequestInterface::header(): Implicitly marking parameter $key as nullable is deprecated, the explicit nullable type must be used instead in /Users/znarkhalil/Developer/php/rolzmaf/core/Http/Contracts/RequestInterface.php on line 10 
[2025-05-19 14:16:07] ERROR: PHP Error: Core\Http\Request::query(): Implicitly marking parameter $key as nullable is deprecated, the explicit nullable type must be used instead in /Users/znarkhalil/Developer/php/rolzmaf/core/Http/Request.php on line 19 
[2025-05-19 14:16:07] ERROR: PHP Error: Core\Http\Request::input(): Implicitly marking parameter $key as nullable is deprecated, the explicit nullable type must be used instead in /Users/znarkhalil/Developer/php/rolzmaf/core/Http/Request.php on line 24 
[2025-05-19 14:16:07] ERROR: PHP Error: Core\Http\Request::header(): Implicitly marking parameter $key as nullable is deprecated, the explicit nullable type must be used instead in /Users/znarkhalil/Developer/php/rolzmaf/core/Http/Request.php on line 29 
[2025-05-19 14:16:07] ERROR: PHP Error: Core\Http\Contracts\RequestInterface::query(): Implicitly marking parameter $key as nullable is deprecated, the explicit nullable type must be used instead in /Users/znarkhalil/Developer/php/rolzmaf/core/Http/Contracts/RequestInterface.php on line 8 
[2025-05-19 14:16:07] ERROR: PHP Error: Core\Http\Contracts\RequestInterface::input(): Implicitly marking parameter $key as nullable is deprecated, the explicit nullable type must be used instead in /Users/znarkhalil/Developer/php/rolzmaf/core/Http/Contracts/RequestInterface.php on line 9 
[2025-05-19 14:16:07] ERROR: PHP Error: Core\Http\Contracts\RequestInterface::header(): Implicitly marking parameter $key as nullable is deprecated, the explicit nullable type must be used instead in /Users/znarkhalil/Developer/php/rolzmaf/core/Http/Contracts/RequestInterface.php on line 10 
[2025-05-23 12:09:24] ERROR: PHP Error: Core\Http\Request::query(): Implicitly marking parameter $key as nullable is deprecated, the explicit nullable type must be used instead in /Users/znarkhalil/Developer/php/rolzmaf/core/Http/Request.php on line 19 
[2025-05-23 12:09:24] ERROR: PHP Error: Core\Http\Request::input(): Implicitly marking parameter $key as nullable is deprecated, the explicit nullable type must be used instead in /Users/znarkhalil/Developer/php/rolzmaf/core/Http/Request.php on line 24 
[2025-05-23 12:09:24] ERROR: PHP Error: Core\Http\Request::header(): Implicitly marking parameter $key as nullable is deprecated, the explicit nullable type must be used instead in /Users/znarkhalil/Developer/php/rolzmaf/core/Http/Request.php on line 29 
[2025-05-23 12:09:24] ERROR: PHP Error: Core\Http\Contracts\RequestInterface::query(): Implicitly marking parameter $key as nullable is deprecated, the explicit nullable type must be used instead in /Users/znarkhalil/Developer/php/rolzmaf/core/Http/Contracts/RequestInterface.php on line 8 
[2025-05-23 12:09:24] ERROR: PHP Error: Core\Http\Contracts\RequestInterface::input(): Implicitly marking parameter $key as nullable is deprecated, the explicit nullable type must be used instead in /Users/znarkhalil/Developer/php/rolzmaf/core/Http/Contracts/RequestInterface.php on line 9 
[2025-05-23 12:09:24] ERROR: PHP Error: Core\Http\Contracts\RequestInterface::header(): Implicitly marking parameter $key as nullable is deprecated, the explicit nullable type must be used instead in /Users/znarkhalil/Developer/php/rolzmaf/core/Http/Contracts/RequestInterface.php on line 10 
[2025-05-23 12:21:58] ERROR: PHP Error: Core\Http\Request::query(): Implicitly marking parameter $key as nullable is deprecated, the explicit nullable type must be used instead in /Users/znarkhalil/Developer/php/rolzmaf/core/Http/Request.php on line 19 
[2025-05-23 12:21:58] ERROR: PHP Error: Core\Http\Request::input(): Implicitly marking parameter $key as nullable is deprecated, the explicit nullable type must be used instead in /Users/znarkhalil/Developer/php/rolzmaf/core/Http/Request.php on line 24 
[2025-05-23 12:21:58] ERROR: PHP Error: Core\Http\Request::header(): Implicitly marking parameter $key as nullable is deprecated, the explicit nullable type must be used instead in /Users/znarkhalil/Developer/php/rolzmaf/core/Http/Request.php on line 29 
[2025-05-23 12:21:58] ERROR: PHP Error: Core\Http\Contracts\RequestInterface::query(): Implicitly marking parameter $key as nullable is deprecated, the explicit nullable type must be used instead in /Users/znarkhalil/Developer/php/rolzmaf/core/Http/Contracts/RequestInterface.php on line 8 
[2025-05-23 12:21:58] ERROR: PHP Error: Core\Http\Contracts\RequestInterface::input(): Implicitly marking parameter $key as nullable is deprecated, the explicit nullable type must be used instead in /Users/znarkhalil/Developer/php/rolzmaf/core/Http/Contracts/RequestInterface.php on line 9 
[2025-05-23 12:21:58] ERROR: PHP Error: Core\Http\Contracts\RequestInterface::header(): Implicitly marking parameter $key as nullable is deprecated, the explicit nullable type must be used instead in /Users/znarkhalil/Developer/php/rolzmaf/core/Http/Contracts/RequestInterface.php on line 10 
[2025-05-23 12:30:38] ERROR: PHP Error: Core\Http\Request::query(): Implicitly marking parameter $key as nullable is deprecated, the explicit nullable type must be used instead in /Users/znarkhalil/Developer/php/rolzmaf/core/Http/Request.php on line 19 
[2025-05-23 12:30:38] ERROR: PHP Error: Core\Http\Request::input(): Implicitly marking parameter $key as nullable is deprecated, the explicit nullable type must be used instead in /Users/znarkhalil/Developer/php/rolzmaf/core/Http/Request.php on line 24 
[2025-05-23 12:30:38] ERROR: PHP Error: Core\Http\Request::header(): Implicitly marking parameter $key as nullable is deprecated, the explicit nullable type must be used instead in /Users/znarkhalil/Developer/php/rolzmaf/core/Http/Request.php on line 29 
[2025-05-23 12:30:38] ERROR: PHP Error: Core\Http\Contracts\RequestInterface::query(): Implicitly marking parameter $key as nullable is deprecated, the explicit nullable type must be used instead in /Users/znarkhalil/Developer/php/rolzmaf/core/Http/Contracts/RequestInterface.php on line 8 
[2025-05-23 12:30:38] ERROR: PHP Error: Core\Http\Contracts\RequestInterface::input(): Implicitly marking parameter $key as nullable is deprecated, the explicit nullable type must be used instead in /Users/znarkhalil/Developer/php/rolzmaf/core/Http/Contracts/RequestInterface.php on line 9 
[2025-05-23 12:30:38] ERROR: PHP Error: Core\Http\Contracts\RequestInterface::header(): Implicitly marking parameter $key as nullable is deprecated, the explicit nullable type must be used instead in /Users/znarkhalil/Developer/php/rolzmaf/core/Http/Contracts/RequestInterface.php on line 10 
[2025-05-23 20:09:08] ERROR: PHP Error: Core\Http\Request::query(): Implicitly marking parameter $key as nullable is deprecated, the explicit nullable type must be used instead in /Users/znarkhalil/Developer/php/rolzmaf/core/Http/Request.php on line 19 
[2025-05-23 20:09:08] ERROR: PHP Error: Core\Http\Request::input(): Implicitly marking parameter $key as nullable is deprecated, the explicit nullable type must be used instead in /Users/znarkhalil/Developer/php/rolzmaf/core/Http/Request.php on line 24 
[2025-05-23 20:09:08] ERROR: PHP Error: Core\Http\Request::header(): Implicitly marking parameter $key as nullable is deprecated, the explicit nullable type must be used instead in /Users/znarkhalil/Developer/php/rolzmaf/core/Http/Request.php on line 29 
[2025-05-23 20:09:08] ERROR: PHP Error: Core\Http\Contracts\RequestInterface::query(): Implicitly marking parameter $key as nullable is deprecated, the explicit nullable type must be used instead in /Users/znarkhalil/Developer/php/rolzmaf/core/Http/Contracts/RequestInterface.php on line 8 
[2025-05-23 20:09:08] ERROR: PHP Error: Core\Http\Contracts\RequestInterface::input(): Implicitly marking parameter $key as nullable is deprecated, the explicit nullable type must be used instead in /Users/znarkhalil/Developer/php/rolzmaf/core/Http/Contracts/RequestInterface.php on line 9 
[2025-05-23 20:09:08] ERROR: PHP Error: Core\Http\Contracts\RequestInterface::header(): Implicitly marking parameter $key as nullable is deprecated, the explicit nullable type must be used instead in /Users/znarkhalil/Developer/php/rolzmaf/core/Http/Contracts/RequestInterface.php on line 10 
[2025-09-13 17:53:47] ERROR: PHP Error: Core\Http\Request::query(): Implicitly marking parameter $key as nullable is deprecated, the explicit nullable type must be used instead in /Users/znarkhalil/Developer/php/rolzmaf-mini-framework/core/Http/Request.php on line 28 
[2025-09-13 17:53:47] ERROR: PHP Error: Core\Http\Request::input(): Implicitly marking parameter $key as nullable is deprecated, the explicit nullable type must be used instead in /Users/znarkhalil/Developer/php/rolzmaf-mini-framework/core/Http/Request.php on line 33 
[2025-09-13 17:53:47] ERROR: PHP Error: Core\Http\Request::header(): Implicitly marking parameter $key as nullable is deprecated, the explicit nullable type must be used instead in /Users/znarkhalil/Developer/php/rolzmaf-mini-framework/core/Http/Request.php on line 38 
[2025-09-13 17:53:47] ERROR: PHP Error: Core\Http\Contracts\RequestInterface::query(): Implicitly marking parameter $key as nullable is deprecated, the explicit nullable type must be used instead in /Users/znarkhalil/Developer/php/rolzmaf-mini-framework/core/Http/Contracts/RequestInterface.php on line 16 
[2025-09-13 17:53:47] ERROR: PHP Error: Core\Http\Contracts\RequestInterface::input(): Implicitly marking parameter $key as nullable is deprecated, the explicit nullable type must be used instead in /Users/znarkhalil/Developer/php/rolzmaf-mini-framework/core/Http/Contracts/RequestInterface.php on line 17 
[2025-09-13 17:53:47] ERROR: PHP Error: Core\Http\Contracts\RequestInterface::header(): Implicitly marking parameter $key as nullable is deprecated, the explicit nullable type must be used instead in /Users/znarkhalil/Developer/php/rolzmaf-mini-framework/core/Http/Contracts/RequestInterface.php on line 18 
